instantapp/build/intermediates/manifest_merge_blame_file/debug/processDebugMainManifest/manifest-merger-blame-debug-report.txt
1<?xml version="1.0" encoding="utf-8"?>
2<manifest xmlns:android="http://schemas.android.com/apk/res/android"
3    xmlns:dist="http://schemas.android.com/apk/distribution"
4    featureSplit="instantapp"
5    package="com.example.sophieaianalyst"
6    android:versionCode="1"
7    android:versionName="1.0" >
8
9    <uses-sdk
10        android:minSdkVersion="24"
11        android:targetSdkVersion="24" />
12
13    <dist:module
13-->src\main\AndroidManifest.xml:5:5-12:19
14        dist:instant="true"
14-->src\main\AndroidManifest.xml:6:9-28
15        dist:title="@string/title_instantapp" >
15-->src\main\AndroidManifest.xml:7:9-46
16        <dist:delivery>
16-->src\main\AndroidManifest.xml:8:9-10:25
17            <dist:install-time />
17-->src\main\AndroidManifest.xml:9:13-34
18        </dist:delivery>
19
20        <dist:fusing dist:include="true" />
20-->src\main\AndroidManifest.xml:11:9-44
20-->src\main\AndroidManifest.xml:11:22-41
21    </dist:module>
22
23    <application
23-->src\main\AndroidManifest.xml:14:5-41:19
24        android:debuggable="true"
25        android:extractNativeLibs="false"
26        android:testOnly="true" >
27        <activity
27-->src\main\AndroidManifest.xml:15:9-27:20
28            android:name="com.example.sophieaianalyst.MainActivity"
28-->src\main\AndroidManifest.xml:16:13-68
29            android:exported="true"
29-->src\main\AndroidManifest.xml:17:13-36
30            android:splitName="instantapp" >
31            <intent-filter android:autoVerify="true" >
31-->src\main\AndroidManifest.xml:18:13-26:29
31-->src\main\AndroidManifest.xml:18:28-53
32                <action android:name="android.intent.action.VIEW" />
32-->src\main\AndroidManifest.xml:19:17-69
32-->src\main\AndroidManifest.xml:19:25-66
33
34                <category android:name="android.intent.category.DEFAULT" />
34-->src\main\AndroidManifest.xml:20:17-76
34-->src\main\AndroidManifest.xml:20:27-73
35                <category android:name="android.intent.category.BROWSABLE" />
35-->src\main\AndroidManifest.xml:21:17-78
35-->src\main\AndroidManifest.xml:21:27-75
36
37                <data
37-->src\main\AndroidManifest.xml:22:17-25:55
38                    android:host="sophieaianalyst.example.com"
38-->src\main\AndroidManifest.xml:24:21-63
39                    android:pathPattern="/stocks.*"
39-->src\main\AndroidManifest.xml:25:21-52
40                    android:scheme="https" />
40-->src\main\AndroidManifest.xml:23:21-43
41            </intent-filter>
42        </activity>
43        <activity
43-->src\main\AndroidManifest.xml:28:9-40:20
44            android:name="com.example.sophieaianalyst.StockDetailActivity"
44-->src\main\AndroidManifest.xml:29:13-75
45            android:exported="true"
45-->src\main\AndroidManifest.xml:30:13-36
46            android:splitName="instantapp" >
47            <intent-filter>
47-->src\main\AndroidManifest.xml:31:13-39:29
48                <action android:name="android.intent.action.VIEW" />
48-->src\main\AndroidManifest.xml:19:17-69
48-->src\main\AndroidManifest.xml:19:25-66
49
50                <category android:name="android.intent.category.DEFAULT" />
50-->src\main\AndroidManifest.xml:20:17-76
50-->src\main\AndroidManifest.xml:20:27-73
51                <category android:name="android.intent.category.BROWSABLE" />
51-->src\main\AndroidManifest.xml:21:17-78
51-->src\main\AndroidManifest.xml:21:27-75
52
53                <data
53-->src\main\AndroidManifest.xml:22:17-25:55
54                    android:host="sophieaianalyst.example.com"
54-->src\main\AndroidManifest.xml:24:21-63
55                    android:pathPattern="/stocks/.*"
55-->src\main\AndroidManifest.xml:25:21-52
56                    android:scheme="https" />
56-->src\main\AndroidManifest.xml:23:21-43
57            </intent-filter>
58        </activity>
59    </application>
60
61</manifest>